<?xml version="1.0" encoding="UTF-8"?>
<!-- Generated by org.testng.reporters.JUnitReportReporter -->
<testsuite hostname="01HW2086661" failures="0" tests="1" name="API.fetchallapi" time="26.666" errors="0" timestamp="2024-06-27T19:36:39 IST" skipped="0">
  <testcase classname="API.fetchallapi" name="getAllAPI" time="26.666"/>
  <system-out/>
</testsuite> <!-- API.fetchallapi -->
