<?xml version="1.0" encoding="UTF-8"?>
<!-- Generated by org.testng.reporters.JUnitReportReporter -->
<testsuite hostname="01HW2086661" failures="0" tests="2" name="TestRunner.fetchallapi" time="67.789" errors="0" timestamp="2024-08-29T16:51:58 IST" skipped="0">
  <testcase classname="TestRunner.fetchallapi" name="runScenario" time="28.608"/>
  <system-out/>
  <testcase classname="TestRunner.fetchallapi" name="runScenario" time="39.181"/>
  <system-out/>
</testsuite> <!-- TestRunner.fetchallapi -->
