<?xml version="1.0" encoding="UTF-8"?>
<!-- Generated by org.testng.reporters.JUnitReportReporter -->
<testsuite hostname="01HW2086661" failures="0" tests="1" name="com.cucumber.test.hooks_test" time="4.053" errors="0" timestamp="2024-09-02T19:12:22 IST" skipped="0">
  <testcase classname="com.cucumber.test.hooks_test" name="fetchDataGetProductListAPI" time="4.053"/>
  <system-out/>
</testsuite> <!-- com.cucumber.test.hooks_test -->
