<?xml version="1.0" encoding="UTF-8"?>
<!-- Generated by org.testng.reporters.JUnitReportReporter -->
<testsuite hostname="01HW2086661" failures="0" tests="1" name="TestRunner.Testrunner_Hooks" time="0.132" errors="0" timestamp="2024-08-23T16:20:30 IST" skipped="0">
  <testcase classname="TestRunner.Testrunner_Hooks" name="runScenario" time="0.132"/>
  <system-out/>
</testsuite> <!-- TestRunner.Testrunner_Hooks -->
