<?xml version="1.0" encoding="UTF-8"?>
<!-- Generated by org.testng.reporters.JUnitReportReporter -->
<testsuite hostname="01HW2086661" failures="0" tests="1" name="TestRunner.apiRun" time="20.911" errors="0" timestamp="2024-06-27T23:12:25 IST" skipped="0">
  <testcase classname="TestRunner.apiRun" name="runScenario" time="20.911"/>
  <system-out/>
</testsuite> <!-- TestRunner.apiRun -->
