<?xml version="1.0" encoding="UTF-8"?>
<!-- Generated by org.testng.reporters.JUnitReportReporter -->
<testsuite hostname="01HW2086661" failures="0" tests="1" name="TestRunner.testRunner_smoke" time="6.319" errors="0" timestamp="2024-08-01T20:25:28 IST" skipped="0">
  <testcase classname="TestRunner.testRunner_smoke" name="runScenario" time="6.319"/>
  <system-out/>
</testsuite> <!-- TestRunner.testRunner_smoke -->
