<?xml version="1.0" encoding="UTF-8"?>
<!-- Generated by org.testng.reporters.JUnitReportReporter -->
<testsuite hostname="01HW2086661" failures="0" tests="1" name="Utitlities.SeleniumDatabaseTesting" time="0.335" errors="0" timestamp="2024-08-06T11:59:08 IST" skipped="0">
  <testcase classname="Utitlities.SeleniumDatabaseTesting" name="test" time="0.335"/>
  <system-out/>
</testsuite> <!-- Utitlities.SeleniumDatabaseTesting -->
