<?xml version="1.0" encoding="UTF-8"?>
<!-- Generated by org.testng.reporters.JUnitReportReporter -->
<testsuite hostname="01HW2086661" failures="0" tests="1" name="TestRunner.fetchallapi" time="42.247" errors="0" timestamp="2024-09-20T17:47:02 IST" skipped="0">
  <testcase classname="TestRunner.fetchallapi" name="runScenario" time="42.247"/>
  <system-out/>
</testsuite> <!-- TestRunner.fetchallapi -->
