<?xml version="1.0" encoding="UTF-8"?>
<!-- Generated by org.testng.reporters.JUnitReportReporter -->
<testsuite hostname="01HW2086661" failures="0" tests="9" name="TestRunner.testRunner_smoke" time="87.575" errors="0" timestamp="2024-10-06T11:46:29 IST" skipped="0">
  <testcase classname="TestRunner.testRunner_smoke" name="runScenario" time="0.833"/>
  <system-out/>
  <testcase classname="TestRunner.testRunner_smoke" name="runScenario" time="11.952"/>
  <system-out/>
  <testcase classname="TestRunner.testRunner_smoke" name="runScenario" time="3.337"/>
  <system-out/>
  <testcase classname="TestRunner.testRunner_smoke" name="runScenario" time="2.851"/>
  <system-out/>
  <testcase classname="TestRunner.testRunner_smoke" name="runScenario" time="1.261"/>
  <system-out/>
  <testcase classname="TestRunner.testRunner_smoke" name="runScenario" time="1.570"/>
  <system-out/>
  <testcase classname="TestRunner.testRunner_smoke" name="runScenario" time="1.416"/>
  <system-out/>
  <testcase classname="TestRunner.testRunner_smoke" name="runScenario" time="6.142"/>
  <system-out/>
  <testcase classname="TestRunner.testRunner_smoke" name="runScenario" time="58.213"/>
  <system-out/>
</testsuite> <!-- TestRunner.testRunner_smoke -->
