<?xml version="1.0" encoding="UTF-8"?>
<!-- Generated by org.testng.reporters.JUnitReportReporter -->
<testsuite hostname="01HW2086661" failures="0" tests="12" name="TestRunner.testRunner_smoke" time="360.220" errors="1" timestamp="2024-08-30T17:49:42 IST" skipped="0">
  <testcase classname="TestRunner.testRunner_smoke" name="runScenario" time="0.013"/>
  <system-out/>
  <testcase classname="TestRunner.testRunner_smoke" name="runScenario" time="0.018"/>
  <system-out/>
  <testcase classname="TestRunner.testRunner_smoke" name="runScenario" time="0.015"/>
  <system-out/>
  <testcase classname="TestRunner.testRunner_smoke" name="runScenario" time="0.015"/>
  <system-out/>
  <testcase classname="TestRunner.testRunner_smoke" name="runScenario" time="77.237"/>
  <system-out/>
  <testcase classname="TestRunner.testRunner_smoke" name="runScenario" time="0.017"/>
  <system-out/>
  <testcase classname="TestRunner.testRunner_smoke" name="runScenario" time="78.983"/>
  <system-out/>
  <testcase classname="TestRunner.testRunner_smoke" name="runScenario" time="7.937"/>
  <system-out/>
  <testcase classname="TestRunner.testRunner_smoke" name="runScenario" time="86.416"/>
  <system-out/>
  <testcase classname="TestRunner.testRunner_smoke" name="runScenario" time="44.728"/>
  <system-out/>
  <testcase classname="TestRunner.testRunner_smoke" name="runScenario" time="62.982"/>
  <system-out/>
  <testcase classname="TestRunner.testRunner_smoke" name="runScenario" time="1.859">
    <error message="Cannot invoke &quot;String.trim()&quot; because &quot;in&quot; is null" type="java.lang.NullPointerException">
      <![CDATA[java.lang.NullPointerException: Cannot invoke "String.trim()" because "in" is null
at java.base/jdk.internal.math.FloatingDecimal.readJavaFormatString(FloatingDecimal.java:1838)
at java.base/jdk.internal.math.FloatingDecimal.parseDouble(FloatingDecimal.java:110)
at java.base/java.lang.Double.parseDouble(Double.java:651)
at smoke.buy_Journey.the_user_receives_an_updated_order_status_from_the_partner_using_the_update_order_api(buy_Journey.java:127)
at âœ½.the user receives an updated order status from the partner using the updateOrder API(file:///C:/Users/2494229/OneDrive%20-%20TCS%20COM%20PROD/Manoj_Bhole/Automation/git_cucumber/git/cucumber/./Features/smoke/TC_05_api_Journey.feature:21)
]]>
    </error>
  </testcase> <!-- runScenario -->
  <system-out/>
</testsuite> <!-- TestRunner.testRunner_smoke -->
