<?xml version="1.0" encoding="UTF-8"?>
<!-- Generated by org.testng.reporters.JUnitReportReporter -->
<testsuite hostname="01HW2086661" failures="0" tests="1" name="API.leadJourneyBenefit" time="1.586" errors="0" timestamp="2024-09-03T14:42:09 IST" skipped="0">
  <testcase classname="API.leadJourneyBenefit" name="leadJourneyAllBenefit" time="1.586"/>
  <system-out/>
</testsuite> <!-- API.leadJourneyBenefit -->
