<?xml version="1.0" encoding="UTF-8"?>
<!-- Generated by org.testng.reporters.JUnitReportReporter -->
<testsuite hostname="01HW2086661" failures="0" tests="1" name="TestRunner.Run" time="0.766" errors="0" timestamp="2024-06-26T17:16:58 IST" skipped="0">
  <testcase classname="TestRunner.Run" name="runScenario" time="0.766"/>
  <system-out/>
</testsuite> <!-- TestRunner.Run -->
