<?xml version="1.0" encoding="UTF-8"?>
<!-- Generated by org.testng.reporters.JUnitReportReporter -->
<testsuite hostname="01HW2086661" failures="0" tests="1" name="TestRunner.fetchallapi" time="54.906" errors="0" timestamp="2024-08-26T11:10:36 IST" skipped="0">
  <testcase classname="TestRunner.fetchallapi" name="runScenario" time="54.906"/>
  <system-out/>
</testsuite> <!-- TestRunner.fetchallapi -->
