<?xml version="1.0" encoding="UTF-8"?>
<!-- Generated by org.testng.reporters.JUnitReportReporter -->
<testsuite hostname="01HW2086661" failures="0" tests="1" name="API.fetchallapi" time="0.590" errors="0" timestamp="2024-07-10T17:37:40 IST" skipped="0">
  <testcase classname="API.fetchallapi" name="hit_api_test" time="0.590"/>
  <system-out/>
</testsuite> <!-- API.fetchallapi -->
