<?xml version="1.0" encoding="UTF-8"?>
<!-- Generated by org.testng.reporters.JUnitReportReporter -->
<testsuite hostname="01HW2086661" failures="0" tests="1" name="Utitlities.SeleniumDatabaseTesting" time="4.554" errors="0" timestamp="2024-07-04T12:01:12 IST" skipped="0">
  <testcase classname="Utitlities.SeleniumDatabaseTesting" name="test" time="4.554"/>
  <system-out/>
</testsuite> <!-- Utitlities.SeleniumDatabaseTesting -->
