<?xml version="1.0" encoding="UTF-8"?>
<!-- Generated by org.testng.reporters.JUnitReportReporter -->
<testsuite hostname="01HW2086661" failures="0" tests="1" name="StepDefinition.credilio_journey" time="71.371" errors="0" timestamp="2024-06-30T00:08:25 IST" skipped="0">
  <testcase classname="StepDefinition.credilio_journey" name="fetch_the_lead_from_response" time="71.371"/>
  <system-out/>
</testsuite> <!-- StepDefinition.credilio_journey -->
